{"level":"info","message":"⌛ Building environment","timeElapsed":441,"timestamp":"2024-09-18T15:12:31.038Z"}
{"level":"info","message":"onRequest - WORKSPACE_URI:file:///c%3A/Users/Elias/Desktop/TPI/205-Objetos-I/pruebas/Armas-Prueba","timestamp":"2024-09-18T15:12:31.059Z"}
{"level":"info","message":"⌛ Building environment","timeElapsed":227,"timestamp":"2024-09-18T15:12:31.287Z"}
{"level":"info","message":"⌛ Building environment","timeElapsed":234,"timestamp":"2024-09-18T15:12:31.549Z"}
{"level":"info","message":"⌛ Building environment","timeElapsed":159,"timestamp":"2024-09-18T15:12:31.721Z"}
{"level":"info","message":"⌛ Building environment","timeElapsed":148,"timestamp":"2024-09-18T15:12:31.870Z"}
{"level":"info","message":"⌛ Validating armaGame.wpgm","timeElapsed":272,"timestamp":"2024-09-18T15:12:32.153Z"}
{"level":"info","message":"⌛ Building environment","timeElapsed":152,"timestamp":"2024-09-18T15:12:32.306Z"}
{"level":"info","message":"⌛ Building environment","timeElapsed":126,"timestamp":"2024-09-18T15:12:32.437Z"}
{"level":"info","message":"⌛ Validating armas.wlk","timeElapsed":207,"timestamp":"2024-09-18T15:12:32.645Z"}
{"level":"info","message":"⌛ Building environment","timeElapsed":234,"timestamp":"2024-09-18T15:12:32.880Z"}
{"level":"info","message":"⌛ Validating randomin.wlk","timeElapsed":235,"timestamp":"2024-09-18T15:12:33.135Z"}
{"level":"info","message":"⌛ Validating position.wlk","timeElapsed":288,"timestamp":"2024-09-18T15:12:33.426Z"}
{"level":"info","message":"⌛ Validating personaje.wlk","timeElapsed":214,"timestamp":"2024-09-18T15:12:33.640Z"}
{"level":"info","message":"⌛ Validating paleta.wlk","timeElapsed":243,"timestamp":"2024-09-18T15:12:33.885Z"}
{"level":"info","message":"⌛ Validating armaGame.wpgm","timeElapsed":209,"timestamp":"2024-09-18T15:12:34.095Z"}
{"level":"info","message":"⌛ Validating armas.wlk","timeElapsed":179,"timestamp":"2024-09-18T15:12:34.275Z"}
{"level":"info","message":"⌛ Validating randomin.wlk","timeElapsed":147,"timestamp":"2024-09-18T15:12:34.423Z"}
{"level":"info","message":"⌛ Validating position.wlk","timeElapsed":144,"timestamp":"2024-09-18T15:12:34.567Z"}
{"level":"info","message":"⌛ Validating personaje.wlk","timeElapsed":143,"timestamp":"2024-09-18T15:12:34.710Z"}
{"level":"info","message":"⌛ Validating paleta.wlk","timeElapsed":156,"timestamp":"2024-09-18T15:12:34.867Z"}
